Arguments: 
  /usr/bin/node /usr/bin/yarn

PATH: 
  /usr/local/sbin:/usr/local/bin:/usr/sbin:/usr/bin:/sbin:/bin:/snap/bin

Yarn version: 
  1.22.19

Node version: 
  14.21.3

Platform: 
  linux x64

Trace: 
  SyntaxError: /home/ubuntu/development/privateKeyFinder/package.json: Unexpected token { in JSON at position 662
      at JSON.parse (<anonymous>)
      at /usr/lib/node_modules/yarn/lib/cli.js:1629:59
      at Generator.next (<anonymous>)
      at step (/usr/lib/node_modules/yarn/lib/cli.js:310:30)
      at /usr/lib/node_modules/yarn/lib/cli.js:321:13

npm manifest: 
  {
    "name": "nodejs",
    "version": "1.0.0",
    "description": "",
    "main": "index.js",
    "scripts": {
      "test": "echo \"Error: no test specified\" && exit 1"
    },
    "keywords": [],
    "author": "",
    "license": "ISC",
    "dependencies": {
      "@octokit/plugin-retry": "^5.0.4",
      "@octokit/plugin-throttling": "^6.1.0",
      "@octokit/rest": "^19.0.11",
      "@types/node": "^18.0.6",
      "bluebird": "^3.7.2",
      "easyscan": "^1.0.31",
      "ethers": "^6.6.0",
      "etherscan": "^0.2.2",
      "etherscan-api": "^10.3.0",
      "mongoose": "^7.3.0",
      "node-fetch": "^3.2.6",
      "nodemailer": "^6.9.3",
      "protonmail-api": "^2.2.0",
      "web3": "^4.0.1"
    }
  }
  {
    "name": "privatekeyfinder",
    "version": "1.0.0",
    "description": "",
    "main": "index.js",
    "scripts": {
      "test": "echo \"Error: no test specified\" && exit 1"
    },
    "author": "",
    "license": "ISC"
  }

yarn manifest: 
  No manifest

Lockfile: 
  No lockfile
